BasicSimulation	basicsimulation	RUN	1440864562369	 	2.0
BasicSimulation	2673303716093972101-0	USER	START	1440864562384	0
BasicSimulation	2673303716093972101-1	USER	START	1440864562386	0
BasicSimulation	2673303716093972101-2	USER	START	1440864562386	0
BasicSimulation	2673303716093972101-3	USER	START	1440864562386	0
BasicSimulation	2673303716093972101-4	USER	START	1440864562386	0
BasicSimulation	2673303716093972101-5	USER	START	1440864562386	0
BasicSimulation	2673303716093972101-6	USER	START	1440864562386	0
BasicSimulation	2673303716093972101-7	USER	START	1440864562386	0
BasicSimulation	2673303716093972101-8	USER	START	1440864562386	0
BasicSimulation	2673303716093972101-9	USER	START	1440864562386	0
BasicSimulation	2673303716093972101-0	REQUEST		Open home page	1440864562406	1440864562509	1440864562580	1440864562580	OK	 
BasicSimulation	2673303716093972101-3	REQUEST		Open home page	1440864562488	1440864562567	1440864562590	1440864562590	OK	 
BasicSimulation	2673303716093972101-4	REQUEST		Open home page	1440864562489	1440864562568	1440864562594	1440864562594	OK	 
BasicSimulation	2673303716093972101-6	REQUEST		Open home page	1440864562489	1440864562571	1440864562595	1440864562595	OK	 
BasicSimulation	2673303716093972101-5	REQUEST		Open home page	1440864562489	1440864562569	1440864562596	1440864562596	OK	 
BasicSimulation	2673303716093972101-9	REQUEST		Open home page	1440864562490	1440864562572	1440864562599	1440864562599	OK	 
BasicSimulation	2673303716093972101-7	REQUEST		Open home page	1440864562490	1440864562572	1440864562604	1440864562604	OK	 
BasicSimulation	2673303716093972101-8	REQUEST		Open home page	1440864562490	1440864562579	1440864562605	1440864562605	OK	 
BasicSimulation	2673303716093972101-4	REQUEST		Open home page Redirect 1	1440864562594	1440864562620	1440864562648	1440864562648	OK	 
BasicSimulation	2673303716093972101-0	REQUEST		Open home page Redirect 1	1440864562588	1440864562609	1440864562642	1440864562642	OK	 
BasicSimulation	2673303716093972101-5	REQUEST		Open home page Redirect 1	1440864562596	1440864562623	1440864562652	1440864562652	OK	 
BasicSimulation	2673303716093972101-9	REQUEST		Open home page Redirect 1	1440864562600	1440864562630	1440864562659	1440864562659	OK	 
BasicSimulation	2673303716093972101-7	REQUEST		Open home page Redirect 1	1440864562604	1440864562634	1440864562661	1440864562661	OK	 
BasicSimulation	2673303716093972101-8	REQUEST		Open home page Redirect 1	1440864562605	1440864562637	1440864562667	1440864562667	OK	 
BasicSimulation	2673303716093972101-2	REQUEST		Open home page	1440864562488	1440864562525	1440864562873	1440864562873	OK	 
BasicSimulation	2673303716093972101-1	REQUEST		Open home page	1440864562487	1440864562524	1440864562873	1440864562873	OK	 
BasicSimulation	2673303716093972101-2	REQUEST		Open home page Redirect 1	1440864562873	1440864562898	1440864562933	1440864562933	OK	 
BasicSimulation	2673303716093972101-1	REQUEST		Open home page Redirect 1	1440864562873	1440864562898	1440864562936	1440864562936	OK	 
BasicSimulation	2673303716093972101-4	REQUEST		Start search	1440864563675	1440864563714	1440864563754	1440864563754	OK	 
BasicSimulation	2673303716093972101-1	REQUEST		Start search	1440864563956	1440864563977	1440864564019	1440864564019	OK	 
BasicSimulation	2673303716093972101-2	REQUEST		Start search	1440864563945	1440864563971	1440864564024	1440864564024	OK	 
BasicSimulation	2673303716093972101-9	REQUEST		Start search	1440864563676	1440864563714	1440864564076	1440864564076	OK	 
BasicSimulation	2673303716093972101-7	REQUEST		Start search	1440864563687	1440864563720	1440864564081	1440864564081	OK	 
BasicSimulation	2673303716093972101-5	REQUEST		Start search	1440864563676	1440864563714	1440864564085	1440864564085	OK	 
BasicSimulation	2673303716093972101-8	REQUEST		Start search	1440864563686	1440864563714	1440864564405	1440864564405	OK	 
BasicSimulation	2673303716093972101-3	REQUEST		Open home page Redirect 1	1440864562591	1440864564665	1440864564705	1440864564705	OK	 
BasicSimulation	2673303716093972101-6	REQUEST		Open home page Redirect 1	1440864562595	1440864564668	1440864564707	1440864564707	OK	 
BasicSimulation	2673303716093972101-0	REQUEST		Start search	1440864563668	1440864564713	1440864564750	1440864564750	OK	 
BasicSimulation	2673303716093972101-4	REQUEST		Results page 1	1440864564755	1440864564777	1440864564815	1440864564815	OK	 
BasicSimulation	2673303716093972101-1	REQUEST		Results page 1	1440864565014	1440864565036	1440864565079	1440864565079	OK	 
BasicSimulation	2673303716093972101-2	REQUEST		Results page 1	1440864565026	1440864565052	1440864565099	1440864565099	OK	 
BasicSimulation	2673303716093972101-9	REQUEST		Results page 1	1440864565086	1440864565108	1440864565147	1440864565147	OK	 
BasicSimulation	2673303716093972101-5	REQUEST		Results page 1	1440864565087	1440864565110	1440864565156	1440864565156	OK	 
BasicSimulation	2673303716093972101-7	REQUEST		Results page 1	1440864565075	1440864565101	1440864565158	1440864565158	OK	 
BasicSimulation	2673303716093972101-8	REQUEST		Results page 1	1440864565405	1440864565427	1440864565468	1440864565468	OK	 
BasicSimulation	2673303716093972101-6	REQUEST		Start search	1440864565725	1440864565753	1440864565800	1440864565800	OK	 
BasicSimulation	2673303716093972101-3	REQUEST		Start search	1440864565725	1440864565753	1440864565802	1440864565802	OK	 
BasicSimulation	2673303716093972101-0	REQUEST		Results page 1	1440864565745	1440864565766	1440864565811	1440864565812	OK	 
BasicSimulation	2673303716093972101-4	REQUEST		Results page 2	1440864565816	1440864565839	1440864565884	1440864565884	OK	 
BasicSimulation	2673303716093972101-1	REQUEST		Results page 2	1440864566085	1440864566107	1440864566143	1440864566143	OK	 
BasicSimulation	2673303716093972101-2	REQUEST		Results page 2	1440864566105	1440864566127	1440864566174	1440864566174	OK	 
BasicSimulation	2673303716093972101-9	REQUEST		Results page 2	1440864566145	1440864566174	1440864566219	1440864566219	OK	 
BasicSimulation	2673303716093972101-5	REQUEST		Results page 2	1440864566156	1440864566177	1440864566224	1440864566224	OK	 
BasicSimulation	2673303716093972101-7	REQUEST		Results page 2	1440864566167	1440864566189	1440864566229	1440864566229	OK	 
BasicSimulation	2673303716093972101-8	REQUEST		Results page 2	1440864566475	1440864566497	1440864566535	1440864566535	OK	 
BasicSimulation	2673303716093972101-3	REQUEST		Results page 1	1440864566805	1440864566827	1440864566871	1440864566871	OK	 
BasicSimulation	2673303716093972101-6	REQUEST		Results page 1	1440864566806	1440864566827	1440864566875	1440864566875	OK	 
BasicSimulation	2673303716093972101-0	REQUEST		Results page 2	1440864566817	1440864566838	1440864566882	1440864566882	OK	 
BasicSimulation	2673303716093972101-4	REQUEST		Select item	1440864566886	1440864566905	1440864566933	1440864566933	OK	 
BasicSimulation	2673303716093972101-1	REQUEST		Select item	1440864567145	1440864567167	1440864567201	1440864567201	OK	 
BasicSimulation	2673303716093972101-2	REQUEST		Select item	1440864567175	1440864567213	1440864567242	1440864567242	OK	 
BasicSimulation	2673303716093972101-9	REQUEST		Select item	1440864567215	1440864567245	1440864567275	1440864567275	OK	 
BasicSimulation	2673303716093972101-5	REQUEST		Select item	1440864567214	1440864567245	1440864567277	1440864567277	OK	 
BasicSimulation	2673303716093972101-7	REQUEST		Select item	1440864567225	1440864567247	1440864567283	1440864567283	OK	 
BasicSimulation	2673303716093972101-8	REQUEST		Select item	1440864567535	1440864567559	1440864567588	1440864567588	OK	 
BasicSimulation	2673303716093972101-6	REQUEST		Results page 2	1440864567875	1440864567903	1440864567947	1440864567947	OK	 
BasicSimulation	2673303716093972101-4	REQUEST		Change company to Lenovo Group	1440864567925	1440864567949	1440864567975	1440864567975	OK	 
BasicSimulation	2673303716093972101-4	REQUEST		Change company to Lenovo Group Redirect 1	1440864567983	1440864568005	1440864568035	1440864568035	OK	 
BasicSimulation	2673303716093972101-4	REQUEST		Change company back to Atari	1440864568039	1440864568067	1440864568092	1440864568092	OK	 
BasicSimulation	2673303716093972101-4	REQUEST		Change company back to Atari Redirect 1	1440864568094	1440864568120	1440864568152	1440864568152	OK	 
BasicSimulation	2673303716093972101-4	USER	END	1440864562386	1440864568155
BasicSimulation	2673303716093972101-3	REQUEST		Results page 2	1440864567864	1440864567887	1440864568203	1440864568203	OK	 
BasicSimulation	2673303716093972101-0	REQUEST		Select item	1440864567875	1440864567903	1440864568228	1440864568228	OK	 
BasicSimulation	2673303716093972101-1	REQUEST		Change company to Lenovo Group	1440864568196	1440864568217	1440864568242	1440864568242	OK	 
BasicSimulation	2673303716093972101-1	REQUEST		Change company to Lenovo Group Redirect 1	1440864568243	1440864568281	1440864568316	1440864568316	OK	 
BasicSimulation	2673303716093972101-2	REQUEST		Change company to Lenovo Group	1440864568245	1440864568295	1440864568319	1440864568319	OK	 
BasicSimulation	2673303716093972101-9	REQUEST		Change company to Lenovo Group	1440864568286	1440864568308	1440864568331	1440864568331	OK	 
BasicSimulation	2673303716093972101-5	REQUEST		Change company to Lenovo Group	1440864568287	1440864568317	1440864568344	1440864568344	OK	 
BasicSimulation	2673303716093972101-7	REQUEST		Change company to Lenovo Group	1440864568295	1440864568318	1440864568344	1440864568344	OK	 
BasicSimulation	2673303716093972101-1	REQUEST		Change company back to Atari	1440864568319	1440864568341	1440864568366	1440864568366	OK	 
BasicSimulation	2673303716093972101-2	REQUEST		Change company to Lenovo Group Redirect 1	1440864568320	1440864568342	1440864568376	1440864568376	OK	 
BasicSimulation	2673303716093972101-9	REQUEST		Change company to Lenovo Group Redirect 1	1440864568332	1440864568357	1440864568391	1440864568391	OK	 
BasicSimulation	2673303716093972101-7	REQUEST		Change company to Lenovo Group Redirect 1	1440864568345	1440864568378	1440864568409	1440864568409	OK	 
BasicSimulation	2673303716093972101-5	REQUEST		Change company to Lenovo Group Redirect 1	1440864568345	1440864568376	1440864568417	1440864568417	OK	 
BasicSimulation	2673303716093972101-2	REQUEST		Change company back to Atari	1440864568377	1440864568401	1440864568425	1440864568425	OK	 
BasicSimulation	2673303716093972101-1	REQUEST		Change company back to Atari Redirect 1	1440864568367	1440864568392	1440864568425	1440864568425	OK	 
BasicSimulation	2673303716093972101-1	USER	END	1440864562386	1440864568426
BasicSimulation	2673303716093972101-9	REQUEST		Change company back to Atari	1440864568393	1440864568419	1440864568447	1440864568447	OK	 
BasicSimulation	2673303716093972101-7	REQUEST		Change company back to Atari	1440864568411	1440864568433	1440864568461	1440864568461	OK	 
BasicSimulation	2673303716093972101-5	REQUEST		Change company back to Atari	1440864568419	1440864568443	1440864568466	1440864568466	OK	 
BasicSimulation	2673303716093972101-2	REQUEST		Change company back to Atari Redirect 1	1440864568426	1440864568455	1440864568492	1440864568492	OK	 
BasicSimulation	2673303716093972101-2	USER	END	1440864562386	1440864568494
BasicSimulation	2673303716093972101-9	REQUEST		Change company back to Atari Redirect 1	1440864568448	1440864568476	1440864568505	1440864568505	OK	 
BasicSimulation	2673303716093972101-9	USER	END	1440864562386	1440864568507
BasicSimulation	2673303716093972101-7	REQUEST		Change company back to Atari Redirect 1	1440864568462	1440864568486	1440864568519	1440864568519	OK	 
BasicSimulation	2673303716093972101-7	USER	END	1440864562386	1440864568520
BasicSimulation	2673303716093972101-5	REQUEST		Change company back to Atari Redirect 1	1440864568467	1440864568494	1440864568528	1440864568528	OK	 
BasicSimulation	2673303716093972101-5	USER	END	1440864562386	1440864568529
BasicSimulation	2673303716093972101-8	REQUEST		Change company to Lenovo Group	1440864568586	1440864568608	1440864568633	1440864568633	OK	 
BasicSimulation	2673303716093972101-8	REQUEST		Change company to Lenovo Group Redirect 1	1440864568634	1440864568671	1440864568709	1440864568709	OK	 
BasicSimulation	2673303716093972101-6	REQUEST		Select item	1440864568946	1440864568970	1440864569000	1440864569000	OK	 
BasicSimulation	2673303716093972101-8	REQUEST		Change company back to Atari	1440864568710	1440864568737	1440864569000	1440864569000	OK	 
BasicSimulation	2673303716093972101-8	REQUEST		Change company back to Atari Redirect 1	1440864569001	1440864569025	1440864569056	1440864569056	OK	 
BasicSimulation	2673303716093972101-8	USER	END	1440864562386	1440864569057
BasicSimulation	2673303716093972101-3	REQUEST		Select item	1440864569205	1440864569229	1440864569262	1440864569262	OK	 
BasicSimulation	2673303716093972101-0	REQUEST		Change company to Lenovo Group	1440864569235	1440864569262	1440864569289	1440864569289	OK	 
BasicSimulation	2673303716093972101-0	REQUEST		Change company to Lenovo Group Redirect 1	1440864569290	1440864569315	1440864569346	1440864569346	OK	 
BasicSimulation	2673303716093972101-0	REQUEST		Change company back to Atari	1440864569347	1440864569369	1440864569401	1440864569401	OK	 
BasicSimulation	2673303716093972101-0	REQUEST		Change company back to Atari Redirect 1	1440864569402	1440864569426	1440864569454	1440864569454	OK	 
BasicSimulation	2673303716093972101-0	USER	END	1440864562384	1440864569456
BasicSimulation	2673303716093972101-6	REQUEST		Change company to Lenovo Group	1440864569994	1440864570040	1440864570064	1440864570064	OK	 
BasicSimulation	2673303716093972101-6	REQUEST		Change company to Lenovo Group Redirect 1	1440864570065	1440864570090	1440864570123	1440864570123	OK	 
BasicSimulation	2673303716093972101-6	REQUEST		Change company back to Atari	1440864570124	1440864570146	1440864570171	1440864570171	OK	 
BasicSimulation	2673303716093972101-6	REQUEST		Change company back to Atari Redirect 1	1440864570172	1440864570200	1440864570234	1440864570234	OK	 
BasicSimulation	2673303716093972101-6	USER	END	1440864562386	1440864570236
BasicSimulation	2673303716093972101-3	REQUEST		Change company to Lenovo Group	1440864570264	1440864570286	1440864570313	1440864570313	OK	 
BasicSimulation	2673303716093972101-3	REQUEST		Change company to Lenovo Group Redirect 1	1440864570314	1440864570336	1440864570377	1440864570377	OK	 
BasicSimulation	2673303716093972101-3	REQUEST		Change company back to Atari	1440864570379	1440864570402	1440864570426	1440864570426	OK	 
BasicSimulation	2673303716093972101-3	REQUEST		Change company back to Atari Redirect 1	1440864570426	1440864570451	1440864570482	1440864570482	OK	 
BasicSimulation	2673303716093972101-3	USER	END	1440864562386	1440864570483
