ASSERTION	PATH	DETAILS	Open home page	TARGET	RESPONSE_TIME	MAX	CONDITION	LESS_THAN	240
ASSERTION	PATH	GLOBAL	TARGET	SUCCESSFUL_REQUESTS	PERCENT	CONDITION	GREATER_THAN	50
BasicSimulation	basicsimulation	RUN	1457426353832	 	2.0
Users	1291042565455562261-0	USER	START	1457426353849	0
Users	1291042565455562261-1	USER	START	1457426353852	0
Users	1291042565455562261-2	USER	START	1457426353852	0
Users	1291042565455562261-3	USER	START	1457426353852	0
Users	1291042565455562261-4	USER	START	1457426353852	0
Admins	1291042565455562261-5	USER	START	1457426353852	0
Users	1291042565455562261-2	REQUEST		Open home page	1457426353875	1457426353895	1457426353923	1457426353923	OK	 
Users	1291042565455562261-1	REQUEST		Open home page	1457426353874	1457426353895	1457426353923	1457426353923	OK	 
Users	1291042565455562261-3	REQUEST		Open home page	1457426353875	1457426353896	1457426353923	1457426353923	OK	 
Users	1291042565455562261-0	REQUEST		Open home page	1457426353872	1457426353895	1457426353921	1457426353921	OK	 
Admins	1291042565455562261-5	REQUEST		Open home page	1457426353872	1457426353895	1457426353923	1457426353923	OK	 
Users	1291042565455562261-4	REQUEST		Open home page	1457426353875	1457426353897	1457426353923	1457426353923	OK	 
Users	1291042565455562261-4	REQUEST		Open home page Redirect 1	1457426353931	1457426353954	1457426354009	1457426354009	OK	 
Users	1291042565455562261-0	REQUEST		Open home page Redirect 1	1457426353931	1457426353952	1457426354011	1457426354011	OK	 
Users	1291042565455562261-1	REQUEST		Open home page Redirect 1	1457426353931	1457426353954	1457426354007	1457426354007	OK	 
Users	1291042565455562261-2	REQUEST		Open home page Redirect 1	1457426353931	1457426353953	1457426354012	1457426354012	OK	 
Users	1291042565455562261-3	REQUEST		Open home page Redirect 1	1457426353931	1457426353954	1457426354012	1457426354012	OK	 
Admins	1291042565455562261-5	REQUEST		Open home page Redirect 1	1457426353931	1457426353954	1457426354009	1457426354009	OK	 
Admins	1291042565455562261-6	USER	START	1457426354870	0
Admins	1291042565455562261-6	REQUEST		Open home page	1457426354871	1457426354892	1457426354916	1457426354916	OK	 
Admins	1291042565455562261-6	REQUEST		Open home page Redirect 1	1457426354918	1457426354939	1457426354981	1457426354981	OK	 
Admins	1291042565455562261-5	REQUEST		Start search	1457426355030	1457426355056	1457426355479	1457426355479	OK	 
Users	1291042565455562261-0	REQUEST		Start search	1457426355030	1457426355056	1457426355468	1457426355468	OK	 
Users	1291042565455562261-2	REQUEST		Start search	1457426355030	1457426355056	1457426355454	1457426355454	OK	 
Users	1291042565455562261-3	REQUEST		Start search	1457426355031	1457426355056	1457426355426	1457426355426	OK	 
Users	1291042565455562261-4	REQUEST		Start search	1457426355031	1457426355056	1457426355485	1457426355485	OK	 
Users	1291042565455562261-1	REQUEST		Start search	1457426355027	1457426355048	1457426355467	1457426355467	OK	 
Admins	1291042565455562261-7	USER	START	1457426355868	0
Admins	1291042565455562261-7	REQUEST		Open home page	1457426355869	1457426355890	1457426355912	1457426355912	OK	 
Admins	1291042565455562261-7	REQUEST		Open home page Redirect 1	1457426355913	1457426355934	1457426355976	1457426355976	OK	 
Admins	1291042565455562261-6	REQUEST		Start search	1457426356001	1457426356021	1457426356155	1457426356155	OK	 
Users	1291042565455562261-3	REQUEST		Select	1457426356430	1457426356453	1457426356482	1457426356482	OK	 
Users	1291042565455562261-2	REQUEST		Select	1457426356462	1457426356486	1457426356513	1457426356513	OK	 
Users	1291042565455562261-0	REQUEST		Select	1457426356470	1457426356494	1457426356521	1457426356521	OK	 
Admins	1291042565455562261-5	REQUEST		Select	1457426356480	1457426356504	1457426356531	1457426356531	OK	 
Users	1291042565455562261-1	REQUEST		Select	1457426356480	1457426356504	1457426356530	1457426356530	OK	 
Users	1291042565455562261-4	REQUEST		Select	1457426356489	1457426356514	1457426356538	1457426356538	OK	 
Admins	1291042565455562261-8	USER	START	1457426356868	0
Admins	1291042565455562261-8	REQUEST		Open home page	1457426356869	1457426356891	1457426356914	1457426356914	OK	 
Admins	1291042565455562261-8	REQUEST		Open home page Redirect 1	1457426356915	1457426356938	1457426356979	1457426356979	OK	 
Admins	1291042565455562261-7	REQUEST		Start search	1457426356992	1457426357013	1457426357146	1457426357146	OK	 
Admins	1291042565455562261-6	REQUEST		Select	1457426357149	1457426357171	1457426357196	1457426357196	OK	 
Admins	1291042565455562261-5	REQUEST		Page 0	1457426357535	1457426357557	1457426357614	1457426357614	OK	 
Users	1291042565455562261-3	REQUEST		Results page 1	1457426357482	1457426357504	1457426357762	1457426357762	OK	 
Users	1291042565455562261-1	REQUEST		Results page 1	1457426357532	1457426357553	1457426357812	1457426357812	OK	 
Users	1291042565455562261-0	REQUEST		Results page 1	1457426357521	1457426357543	1457426357835	1457426357835	OK	 
Users	1291042565455562261-2	REQUEST		Results page 1	1457426357510	1457426357532	1457426357844	1457426357844	OK	 
Users	1291042565455562261-4	REQUEST		Results page 1	1457426357540	1457426357562	1457426357844	1457426357844	OK	 
Admins	1291042565455562261-9	USER	START	1457426357868	0
Admins	1291042565455562261-9	REQUEST		Open home page	1457426357869	1457426357892	1457426357915	1457426357915	OK	 
Admins	1291042565455562261-9	REQUEST		Open home page Redirect 1	1457426357916	1457426357938	1457426357976	1457426357976	OK	 
Admins	1291042565455562261-8	REQUEST		Start search	1457426358001	1457426358023	1457426358156	1457426358156	OK	 
Admins	1291042565455562261-7	REQUEST		Select	1457426358149	1457426358172	1457426358195	1457426358195	OK	 
Admins	1291042565455562261-6	REQUEST		Page 0	1457426358200	1457426358221	1457426358260	1457426358260	OK	 
Admins	1291042565455562261-5	REQUEST		Page 1	1457426358609	1457426358631	1457426358673	1457426358673	OK	 
Admins	1291042565455562261-10	USER	START	1457426358869	0
Admins	1291042565455562261-10	REQUEST		Open home page	1457426358870	1457426358893	1457426358916	1457426358916	OK	 
Admins	1291042565455562261-10	REQUEST		Open home page Redirect 1	1457426358917	1457426358939	1457426359003	1457426359003	OK	 
Users	1291042565455562261-3	REQUEST		Results page 2	1457426358771	1457426358793	1457426359005	1457426359005	OK	 
Users	1291042565455562261-2	REQUEST		Results page 2	1457426358840	1457426358862	1457426359141	1457426359141	OK	 
Users	1291042565455562261-4	REQUEST		Results page 2	1457426358840	1457426358862	1457426359153	1457426359153	OK	 
Users	1291042565455562261-1	REQUEST		Results page 2	1457426358809	1457426358832	1457426359172	1457426359172	OK	 
Admins	1291042565455562261-8	REQUEST		Select	1457426359150	1457426359172	1457426359197	1457426359197	OK	 
Users	1291042565455562261-0	REQUEST		Results page 2	1457426358831	1457426358855	1457426359199	1457426359199	OK	 
Admins	1291042565455562261-9	REQUEST		Start search	1457426358990	1457426359012	1457426359246	1457426359246	OK	 
Admins	1291042565455562261-7	REQUEST		Page 0	1457426359200	1457426359221	1457426359261	1457426359261	OK	 
Admins	1291042565455562261-6	REQUEST		Page 1	1457426359271	1457426359293	1457426359332	1457426359332	OK	 
Admins	1291042565455562261-5	REQUEST		Select item	1457426359679	1457426359701	1457426359726	1457426359726	OK	 
Admins	1291042565455562261-11	USER	START	1457426359869	0
Admins	1291042565455562261-11	REQUEST		Open home page	1457426359870	1457426359891	1457426359914	1457426359914	OK	 
Admins	1291042565455562261-11	REQUEST		Open home page Redirect 1	1457426359915	1457426359937	1457426359976	1457426359976	OK	 
Users	1291042565455562261-3	REQUEST		Page 0	1457426360001	1457426360024	1457426360064	1457426360064	OK	 
Admins	1291042565455562261-10	REQUEST		Start search	1457426360021	1457426360044	1457426360201	1457426360201	OK	 
Users	1291042565455562261-2	REQUEST		Page 0	1457426360150	1457426360174	1457426360215	1457426360215	OK	 
Users	1291042565455562261-4	REQUEST		Page 0	1457426360159	1457426360182	1457426360224	1457426360224	OK	 
Users	1291042565455562261-1	REQUEST		Page 0	1457426360169	1457426360190	1457426360227	1457426360227	OK	 
Admins	1291042565455562261-8	REQUEST		Page 0	1457426360201	1457426360223	1457426360264	1457426360264	OK	 
Users	1291042565455562261-0	REQUEST		Page 0	1457426360209	1457426360230	1457426360266	1457426360266	OK	 
Admins	1291042565455562261-9	REQUEST		Select	1457426360261	1457426360282	1457426360306	1457426360306	OK	 
Admins	1291042565455562261-7	REQUEST		Page 1	1457426360261	1457426360282	1457426360321	1457426360321	OK	 
Admins	1291042565455562261-6	REQUEST		Select item	1457426360331	1457426360352	1457426360376	1457426360376	OK	 
Admins	1291042565455562261-5	REQUEST		Change company to Lenovo Group	1457426360731	1457426360751	1457426360776	1457426360776	OK	 
Admins	1291042565455562261-5	REQUEST		Change company to Lenovo Group Redirect 1	1457426360783	1457426360804	1457426360843	1457426360843	OK	 
Admins	1291042565455562261-12	USER	START	1457426360869	0
Admins	1291042565455562261-5	REQUEST		Change company back to Atari	1457426360848	1457426360869	1457426360892	1457426360892	OK	 
Admins	1291042565455562261-12	REQUEST		Open home page	1457426360870	1457426360891	1457426360913	1457426360913	OK	 
Admins	1291042565455562261-5	REQUEST		Change company back to Atari Redirect 1	1457426360893	1457426360915	1457426360953	1457426360953	OK	 
Admins	1291042565455562261-5	USER	END	1457426353852	1457426360957
Users	1291042565455562261-3	REQUEST		Page 1	1457426361060	1457426361086	1457426361125	1457426361125	OK	 
Admins	1291042565455562261-11	REQUEST		Start search	1457426360990	1457426361012	1457426361145	1457426361145	OK	 
Admins	1291042565455562261-10	REQUEST		Select	1457426361210	1457426361232	1457426361255	1457426361255	OK	 
Users	1291042565455562261-2	REQUEST		Page 1	1457426361210	1457426361231	1457426361273	1457426361273	OK	 
Users	1291042565455562261-4	REQUEST		Page 1	1457426361219	1457426361243	1457426361281	1457426361281	OK	 
Users	1291042565455562261-1	REQUEST		Page 1	1457426361240	1457426361261	1457426361299	1457426361299	OK	 
Users	1291042565455562261-0	REQUEST		Page 1	1457426361260	1457426361282	1457426361325	1457426361325	OK	 
Admins	1291042565455562261-8	REQUEST		Page 1	1457426361270	1457426361291	1457426361327	1457426361327	OK	 
Admins	1291042565455562261-9	REQUEST		Page 0	1457426361300	1457426361322	1457426361361	1457426361361	OK	 
Admins	1291042565455562261-7	REQUEST		Select item	1457426361331	1457426361352	1457426361376	1457426361376	OK	 
Admins	1291042565455562261-6	REQUEST		Change company to Lenovo Group	1457426361368	1457426361389	1457426361412	1457426361412	OK	 
Admins	1291042565455562261-6	REQUEST		Change company to Lenovo Group Redirect 1	1457426361413	1457426361435	1457426361473	1457426361473	OK	 
Admins	1291042565455562261-6	REQUEST		Change company back to Atari	1457426361475	1457426361495	1457426361518	1457426361518	OK	 
Admins	1291042565455562261-6	REQUEST		Change company back to Atari Redirect 1	1457426361519	1457426361545	1457426361583	1457426361583	OK	 
Admins	1291042565455562261-6	USER	END	1457426354870	1457426361584
Admins	1291042565455562261-13	USER	START	1457426361868	0
Admins	1291042565455562261-13	REQUEST		Open home page	1457426361869	1457426361891	1457426361914	1457426361914	OK	 
Admins	1291042565455562261-13	REQUEST		Open home page Redirect 1	1457426361915	1457426361936	1457426361981	1457426361981	OK	 
Admins	1291042565455562261-12	REQUEST		Open home page Redirect 1	1457426360914	1457426361985	1457426362025	1457426362025	OK	 
Users	1291042565455562261-3	USER	END	1457426353852	1457426362130
Admins	1291042565455562261-11	REQUEST		Select	1457426362150	1457426362170	1457426362194	1457426362194	OK	 
Users	1291042565455562261-2	USER	END	1457426353852	1457426362269
Users	1291042565455562261-4	USER	END	1457426353852	1457426362289
Users	1291042565455562261-1	USER	END	1457426353852	1457426362299
Admins	1291042565455562261-10	REQUEST		Page 0	1457426362251	1457426362276	1457426362314	1457426362314	OK	 
Users	1291042565455562261-0	USER	END	1457426353849	1457426362331
Admins	1291042565455562261-8	REQUEST		Select item	1457426362319	1457426362341	1457426362365	1457426362365	OK	 
Admins	1291042565455562261-7	REQUEST		Change company to Lenovo Group	1457426362371	1457426362392	1457426362416	1457426362416	OK	 
Admins	1291042565455562261-9	REQUEST		Page 1	1457426362371	1457426362392	1457426362432	1457426362432	OK	 
Admins	1291042565455562261-7	REQUEST		Change company to Lenovo Group Redirect 1	1457426362417	1457426362438	1457426362477	1457426362477	OK	 
Admins	1291042565455562261-7	REQUEST		Change company back to Atari	1457426362479	1457426362502	1457426362525	1457426362525	OK	 
Admins	1291042565455562261-7	REQUEST		Change company back to Atari Redirect 1	1457426362526	1457426362548	1457426362587	1457426362587	OK	 
Admins	1291042565455562261-7	USER	END	1457426355868	1457426362589
Admins	1291042565455562261-14	USER	START	1457426362870	0
Admins	1291042565455562261-14	REQUEST		Open home page	1457426362870	1457426362892	1457426362917	1457426362917	OK	 
Admins	1291042565455562261-14	REQUEST		Open home page Redirect 1	1457426362918	1457426362940	1457426362979	1457426362979	OK	 
Admins	1291042565455562261-12	REQUEST		Start search	1457426363041	1457426363063	1457426363220	1457426363220	OK	 
Admins	1291042565455562261-11	REQUEST		Page 0	1457426363199	1457426363221	1457426363260	1457426363260	OK	 
Admins	1291042565455562261-10	REQUEST		Page 1	1457426363309	1457426363331	1457426363373	1457426363374	OK	 
Admins	1291042565455562261-8	REQUEST		Change company to Lenovo Group	1457426363372	1457426363393	1457426363417	1457426363417	OK	 
Admins	1291042565455562261-9	REQUEST		Select item	1457426363430	1457426363451	1457426363476	1457426363476	OK	 
Admins	1291042565455562261-8	REQUEST		Change company to Lenovo Group Redirect 1	1457426363418	1457426363439	1457426363480	1457426363480	OK	 
Admins	1291042565455562261-8	REQUEST		Change company back to Atari	1457426363482	1457426363503	1457426363526	1457426363526	OK	 
Admins	1291042565455562261-8	REQUEST		Change company back to Atari Redirect 1	1457426363527	1457426363548	1457426363587	1457426363587	OK	 
Admins	1291042565455562261-8	USER	END	1457426356868	1457426363589
Admins	1291042565455562261-14	REQUEST		Start search	1457426364001	1457426364023	1457426364191	1457426364191	OK	 
Admins	1291042565455562261-13	REQUEST		Start search	1457426363001	1457426364051	1457426364214	1457426364214	OK	 
Admins	1291042565455562261-12	REQUEST		Select	1457426364229	1457426364250	1457426364274	1457426364274	OK	 
Admins	1291042565455562261-11	REQUEST		Page 1	1457426364260	1457426364282	1457426364321	1457426364321	OK	 
Admins	1291042565455562261-10	REQUEST		Select item	1457426364381	1457426364402	1457426364426	1457426364426	OK	 
Admins	1291042565455562261-9	REQUEST		Change company to Lenovo Group	1457426364469	1457426364491	1457426364516	1457426364516	OK	 
Admins	1291042565455562261-9	REQUEST		Change company to Lenovo Group Redirect 1	1457426364517	1457426364594	1457426364635	1457426364635	OK	 
Admins	1291042565455562261-9	REQUEST		Change company back to Atari	1457426364637	1457426364658	1457426364682	1457426364682	OK	 
Admins	1291042565455562261-9	REQUEST		Change company back to Atari Redirect 1	1457426364683	1457426364705	1457426364745	1457426364745	OK	 
Admins	1291042565455562261-9	USER	END	1457426357868	1457426364747
Admins	1291042565455562261-14	REQUEST		Select	1457426365191	1457426365213	1457426365237	1457426365237	OK	 
Admins	1291042565455562261-13	REQUEST		Select	1457426365209	1457426365230	1457426365254	1457426365254	OK	 
Admins	1291042565455562261-12	REQUEST		Page 0	1457426365270	1457426365291	1457426365354	1457426365354	OK	 
Admins	1291042565455562261-11	REQUEST		Select item	1457426365320	1457426365354	1457426365380	1457426365380	OK	 
Admins	1291042565455562261-10	REQUEST		Change company to Lenovo Group	1457426365420	1457426365441	1457426365464	1457426365464	OK	 
Admins	1291042565455562261-10	REQUEST		Change company to Lenovo Group Redirect 1	1457426365464	1457426365486	1457426365525	1457426365525	OK	 
Admins	1291042565455562261-10	REQUEST		Change company back to Atari	1457426365527	1457426365549	1457426365573	1457426365573	OK	 
Admins	1291042565455562261-10	REQUEST		Change company back to Atari Redirect 1	1457426365574	1457426365601	1457426365640	1457426365640	OK	 
Admins	1291042565455562261-10	USER	END	1457426358869	1457426365641
Admins	1291042565455562261-14	REQUEST		Page 0	1457426366230	1457426366253	1457426366291	1457426366292	OK	 
Admins	1291042565455562261-13	REQUEST		Page 0	1457426366260	1457426366281	1457426366323	1457426366323	OK	 
Admins	1291042565455562261-12	REQUEST		Page 1	1457426366361	1457426366382	1457426366421	1457426366421	OK	 
Admins	1291042565455562261-11	REQUEST		Change company to Lenovo Group	1457426366380	1457426366400	1457426366423	1457426366423	OK	 
Admins	1291042565455562261-11	REQUEST		Change company to Lenovo Group Redirect 1	1457426366423	1457426366444	1457426366483	1457426366483	OK	 
Admins	1291042565455562261-11	REQUEST		Change company back to Atari	1457426366485	1457426366506	1457426366529	1457426366529	OK	 
Admins	1291042565455562261-11	REQUEST		Change company back to Atari Redirect 1	1457426366530	1457426366551	1457426366590	1457426366590	OK	 
Admins	1291042565455562261-11	USER	END	1457426359869	1457426366591
Admins	1291042565455562261-14	REQUEST		Page 1	1457426367300	1457426367322	1457426367362	1457426367362	OK	 
Admins	1291042565455562261-13	REQUEST		Page 1	1457426367330	1457426367355	1457426367407	1457426367407	OK	 
Admins	1291042565455562261-12	REQUEST		Select item	1457426367422	1457426367446	1457426367471	1457426367471	OK	 
Admins	1291042565455562261-14	REQUEST		Select item	1457426368360	1457426368381	1457426368404	1457426368404	OK	 
Admins	1291042565455562261-13	REQUEST		Select item	1457426368401	1457426368422	1457426368446	1457426368446	OK	 
Admins	1291042565455562261-12	REQUEST		Change company to Lenovo Group	1457426368470	1457426368491	1457426368514	1457426368514	OK	 
Admins	1291042565455562261-12	REQUEST		Change company to Lenovo Group Redirect 1	1457426368515	1457426368536	1457426368578	1457426368578	OK	 
Admins	1291042565455562261-12	REQUEST		Change company back to Atari	1457426368580	1457426368602	1457426368625	1457426368625	OK	 
Admins	1291042565455562261-12	REQUEST		Change company back to Atari Redirect 1	1457426368626	1457426368648	1457426368687	1457426368687	OK	 
Admins	1291042565455562261-12	USER	END	1457426360869	1457426368688
Admins	1291042565455562261-14	REQUEST		Change company to Lenovo Group	1457426369411	1457426369433	1457426369456	1457426369456	OK	 
Admins	1291042565455562261-13	REQUEST		Change company to Lenovo Group	1457426369441	1457426369462	1457426369485	1457426369485	OK	 
Admins	1291042565455562261-14	REQUEST		Change company to Lenovo Group Redirect 1	1457426369456	1457426369478	1457426369517	1457426369517	OK	 
Admins	1291042565455562261-13	REQUEST		Change company to Lenovo Group Redirect 1	1457426369485	1457426369506	1457426369544	1457426369544	OK	 
Admins	1291042565455562261-14	REQUEST		Change company back to Atari	1457426369518	1457426369544	1457426369568	1457426369568	OK	 
Admins	1291042565455562261-13	REQUEST		Change company back to Atari	1457426369546	1457426369569	1457426369595	1457426369595	OK	 
Admins	1291042565455562261-14	REQUEST		Change company back to Atari Redirect 1	1457426369569	1457426369593	1457426369633	1457426369633	OK	 
Admins	1291042565455562261-14	USER	END	1457426362870	1457426369634
Admins	1291042565455562261-13	REQUEST		Change company back to Atari Redirect 1	1457426369596	1457426369616	1457426369657	1457426369657	OK	 
Admins	1291042565455562261-13	USER	END	1457426361868	1457426369658
