ASSERTION	PATH	DETAILS	Open home page	TARGET	RESPONSE_TIME	MAX	CONDITION	LESS_THAN	240
ASSERTION	PATH	GLOBAL	TARGET	SUCCESSFUL_REQUESTS	PERCENT	CONDITION	GREATER_THAN	50
BasicSimulation	basicsimulation	RUN	1457426382531	 	2.0
Users	4296860656533652861-0	USER	START	1457426382552	0
Users	4296860656533652861-1	USER	START	1457426382554	0
Users	4296860656533652861-2	USER	START	1457426382554	0
Users	4296860656533652861-3	USER	START	1457426382554	0
Users	4296860656533652861-4	USER	START	1457426382554	0
Admins	4296860656533652861-5	USER	START	1457426382554	0
Users	4296860656533652861-0	REQUEST		Open home page	1457426382578	1457426382604	1457426382631	1457426382631	OK	 
Users	4296860656533652861-1	REQUEST		Open home page	1457426382581	1457426382604	1457426382628	1457426382628	OK	 
Users	4296860656533652861-2	REQUEST		Open home page	1457426382581	1457426382604	1457426382631	1457426382631	OK	 
Users	4296860656533652861-3	REQUEST		Open home page	1457426382582	1457426382604	1457426382628	1457426382628	OK	 
Users	4296860656533652861-4	REQUEST		Open home page	1457426382582	1457426382604	1457426382631	1457426382631	OK	 
Admins	4296860656533652861-5	REQUEST		Open home page	1457426382579	1457426382604	1457426382631	1457426382631	OK	 
Users	4296860656533652861-2	REQUEST		Open home page Redirect 1	1457426382638	1457426382659	1457426382720	1457426382720	OK	 
Users	4296860656533652861-0	REQUEST		Open home page Redirect 1	1457426382637	1457426382658	1457426382720	1457426382721	OK	 
Users	4296860656533652861-1	REQUEST		Open home page Redirect 1	1457426382638	1457426382659	1457426382713	1457426382713	OK	 
Admins	4296860656533652861-5	REQUEST		Open home page Redirect 1	1457426382637	1457426382658	1457426382721	1457426382721	OK	 
Users	4296860656533652861-4	REQUEST		Open home page Redirect 1	1457426382638	1457426382659	1457426382721	1457426382721	OK	 
Users	4296860656533652861-3	REQUEST		Open home page Redirect 1	1457426382637	1457426382659	1457426382712	1457426382712	OK	 
Admins	4296860656533652861-6	USER	START	1457426383570	0
Admins	4296860656533652861-6	REQUEST		Open home page	1457426383570	1457426383591	1457426383615	1457426383615	OK	 
Admins	4296860656533652861-6	REQUEST		Open home page Redirect 1	1457426383617	1457426383638	1457426383679	1457426383679	OK	 
Users	4296860656533652861-4	REQUEST		Start search	1457426383743	1457426383765	1457426383985	1457426383985	OK	 
Users	4296860656533652861-1	REQUEST		Start search	1457426383736	1457426383757	1457426384106	1457426384106	OK	 
Users	4296860656533652861-2	REQUEST		Start search	1457426383744	1457426383768	1457426384106	1457426384106	OK	 
Users	4296860656533652861-3	REQUEST		Start search	1457426383736	1457426383757	1457426384114	1457426384114	OK	 
Users	4296860656533652861-0	REQUEST		Start search	1457426383742	1457426383764	1457426384128	1457426384128	OK	 
Admins	4296860656533652861-5	REQUEST		Start search	1457426383742	1457426383764	1457426384161	1457426384161	OK	 
Admins	4296860656533652861-7	USER	START	1457426384571	0
Admins	4296860656533652861-7	REQUEST		Open home page	1457426384572	1457426384594	1457426384617	1457426384617	OK	 
Admins	4296860656533652861-7	REQUEST		Open home page Redirect 1	1457426384617	1457426384639	1457426384679	1457426384679	OK	 
Admins	4296860656533652861-6	REQUEST		Start search	1457426384701	1457426384722	1457426384883	1457426384883	OK	 
Users	4296860656533652861-4	REQUEST		Select	1457426384981	1457426385004	1457426385028	1457426385028	OK	 
Users	4296860656533652861-2	REQUEST		Select	1457426385112	1457426385134	1457426385160	1457426385160	OK	 
Users	4296860656533652861-1	REQUEST		Select	1457426385113	1457426385137	1457426385160	1457426385160	OK	 
Users	4296860656533652861-3	REQUEST		Select	1457426385114	1457426385137	1457426385161	1457426385161	OK	 
Users	4296860656533652861-0	REQUEST		Select	1457426385120	1457426385142	1457426385165	1457426385165	OK	 
Admins	4296860656533652861-5	REQUEST		Select	1457426385160	1457426385185	1457426385209	1457426385209	OK	 
Admins	4296860656533652861-8	USER	START	1457426385572	0
Admins	4296860656533652861-8	REQUEST		Open home page	1457426385573	1457426385596	1457426385618	1457426385618	OK	 
Admins	4296860656533652861-8	REQUEST		Open home page Redirect 1	1457426385619	1457426385641	1457426385681	1457426385681	OK	 
Admins	4296860656533652861-7	REQUEST		Start search	1457426385690	1457426385712	1457426385846	1457426385846	OK	 
Admins	4296860656533652861-6	REQUEST		Select	1457426385881	1457426385903	1457426385927	1457426385927	OK	 
Users	4296860656533652861-4	REQUEST		Results page 1	1457426386032	1457426386054	1457426386193	1457426386193	OK	 
Admins	4296860656533652861-5	REQUEST		Page 0	1457426386215	1457426386243	1457426386308	1457426386308	OK	 
Users	4296860656533652861-2	REQUEST		Results page 1	1457426386161	1457426386182	1457426386442	1457426386442	OK	 
Users	4296860656533652861-0	REQUEST		Results page 1	1457426386170	1457426386192	1457426386445	1457426386445	OK	 
Users	4296860656533652861-1	REQUEST		Results page 1	1457426386162	1457426386183	1457426386445	1457426386445	OK	 
Users	4296860656533652861-3	REQUEST		Results page 1	1457426386170	1457426386192	1457426386446	1457426386446	OK	 
Admins	4296860656533652861-9	USER	START	1457426386572	0
Admins	4296860656533652861-9	REQUEST		Open home page	1457426386573	1457426386596	1457426386618	1457426386618	OK	 
Admins	4296860656533652861-9	REQUEST		Open home page Redirect 1	1457426386619	1457426386641	1457426386682	1457426386682	OK	 
Admins	4296860656533652861-8	REQUEST		Start search	1457426386701	1457426386722	1457426386876	1457426386876	OK	 
Admins	4296860656533652861-7	REQUEST		Select	1457426386851	1457426386876	1457426386901	1457426386901	OK	 
Admins	4296860656533652861-6	REQUEST		Page 0	1457426386931	1457426386953	1457426387013	1457426387013	OK	 
Users	4296860656533652861-4	REQUEST		Results page 2	1457426387201	1457426387223	1457426387368	1457426387368	OK	 
Admins	4296860656533652861-5	REQUEST		Page 1	1457426387312	1457426387335	1457426387374	1457426387374	OK	 
Admins	4296860656533652861-10	USER	START	1457426387572	0
Users	4296860656533652861-0	REQUEST		Results page 2	1457426387453	1457426387475	1457426387637	1457426387637	OK	 
Users	4296860656533652861-2	REQUEST		Results page 2	1457426387440	1457426387462	1457426387667	1457426387667	OK	 
Users	4296860656533652861-3	REQUEST		Results page 2	1457426387441	1457426387464	1457426387713	1457426387713	OK	 
Users	4296860656533652861-1	REQUEST		Results page 2	1457426387442	1457426387464	1457426387713	1457426387713	OK	 
Admins	4296860656533652861-9	REQUEST		Start search	1457426387702	1457426387724	1457426387880	1457426387880	OK	 
Admins	4296860656533652861-8	REQUEST		Select	1457426387872	1457426387895	1457426387919	1457426387919	OK	 
Admins	4296860656533652861-7	REQUEST		Page 0	1457426387912	1457426387933	1457426387972	1457426387972	OK	 
Admins	4296860656533652861-6	REQUEST		Page 1	1457426388013	1457426388034	1457426388075	1457426388075	OK	 
Admins	4296860656533652861-5	REQUEST		Select item	1457426388373	1457426388396	1457426388425	1457426388425	OK	 
Users	4296860656533652861-4	REQUEST		Page 0	1457426388373	1457426388396	1457426388436	1457426388436	OK	 
Admins	4296860656533652861-11	USER	START	1457426388571	0
Admins	4296860656533652861-11	REQUEST		Open home page	1457426388571	1457426388593	1457426388615	1457426388615	OK	 
Admins	4296860656533652861-10	REQUEST		Open home page	1457426387573	1457426388618	1457426388640	1457426388640	OK	 
Admins	4296860656533652861-11	REQUEST		Open home page Redirect 1	1457426388616	1457426388638	1457426388677	1457426388677	OK	 
Users	4296860656533652861-0	REQUEST		Page 0	1457426388634	1457426388655	1457426388695	1457426388695	OK	 
Admins	4296860656533652861-10	REQUEST		Open home page Redirect 1	1457426388640	1457426388662	1457426388698	1457426388698	OK	 
Users	4296860656533652861-2	REQUEST		Page 0	1457426388660	1457426388682	1457426388721	1457426388721	OK	 
Users	4296860656533652861-1	REQUEST		Page 0	1457426388721	1457426388743	1457426388781	1457426388781	OK	 
Admins	4296860656533652861-9	REQUEST		Select	1457426388882	1457426388903	1457426388926	1457426388926	OK	 
Admins	4296860656533652861-8	REQUEST		Page 0	1457426388922	1457426388943	1457426388982	1457426388982	OK	 
Admins	4296860656533652861-7	REQUEST		Page 1	1457426388971	1457426388992	1457426389032	1457426389032	OK	 
Admins	4296860656533652861-6	REQUEST		Select item	1457426389070	1457426389091	1457426389115	1457426389115	OK	 
Users	4296860656533652861-3	REQUEST		Page 0	1457426388720	1457426388743	1457426389261	1457426389261	OK	 
Admins	4296860656533652861-5	REQUEST		Change company to Lenovo Group	1457426389422	1457426389443	1457426389466	1457426389466	OK	 
Users	4296860656533652861-4	REQUEST		Page 1	1457426389430	1457426389451	1457426389490	1457426389490	OK	 
Admins	4296860656533652861-5	REQUEST		Change company to Lenovo Group Redirect 1	1457426389474	1457426389495	1457426389536	1457426389536	OK	 
Admins	4296860656533652861-12	USER	START	1457426389571	0
Admins	4296860656533652861-5	REQUEST		Change company back to Atari	1457426389541	1457426389562	1457426389585	1457426389585	OK	 
Admins	4296860656533652861-12	REQUEST		Open home page	1457426389572	1457426389593	1457426389615	1457426389615	OK	 
Admins	4296860656533652861-5	REQUEST		Change company back to Atari Redirect 1	1457426389586	1457426389607	1457426389647	1457426389647	OK	 
Admins	4296860656533652861-5	USER	END	1457426382554	1457426389651
Admins	4296860656533652861-12	REQUEST		Open home page Redirect 1	1457426389616	1457426389637	1457426389678	1457426389678	OK	 
Users	4296860656533652861-0	REQUEST		Page 1	1457426389700	1457426389722	1457426389786	1457426389786	OK	 
Users	4296860656533652861-2	REQUEST		Page 1	1457426389731	1457426389753	1457426389809	1457426389809	OK	 
Users	4296860656533652861-1	REQUEST		Page 1	1457426389781	1457426389802	1457426389855	1457426389855	OK	 
Admins	4296860656533652861-11	REQUEST		Start search	1457426389691	1457426389713	1457426389883	1457426389883	OK	 
Admins	4296860656533652861-10	REQUEST		Start search	1457426389713	1457426389735	1457426389943	1457426389943	OK	 
Admins	4296860656533652861-9	REQUEST		Page 0	1457426389921	1457426389946	1457426389985	1457426389985	OK	 
Admins	4296860656533652861-8	REQUEST		Page 1	1457426389990	1457426390011	1457426390049	1457426390049	OK	 
Admins	4296860656533652861-7	REQUEST		Select item	1457426390032	1457426390053	1457426390077	1457426390077	OK	 
Admins	4296860656533652861-6	REQUEST		Change company to Lenovo Group	1457426390120	1457426390142	1457426390166	1457426390166	OK	 
Admins	4296860656533652861-6	REQUEST		Change company to Lenovo Group Redirect 1	1457426390167	1457426390189	1457426390227	1457426390227	OK	 
Admins	4296860656533652861-6	REQUEST		Change company back to Atari	1457426390229	1457426390251	1457426390274	1457426390274	OK	 
Users	4296860656533652861-3	REQUEST		Page 1	1457426390261	1457426390286	1457426390328	1457426390328	OK	 
Admins	4296860656533652861-6	REQUEST		Change company back to Atari Redirect 1	1457426390275	1457426390297	1457426390339	1457426390339	OK	 
Admins	4296860656533652861-6	USER	END	1457426383570	1457426390340
Users	4296860656533652861-4	USER	END	1457426382554	1457426390491
Admins	4296860656533652861-13	USER	START	1457426390571	0
Admins	4296860656533652861-13	REQUEST		Open home page	1457426390571	1457426390594	1457426390616	1457426390616	OK	 
Admins	4296860656533652861-13	REQUEST		Open home page Redirect 1	1457426390617	1457426390638	1457426390676	1457426390676	OK	 
Users	4296860656533652861-0	USER	END	1457426382552	1457426390782
Users	4296860656533652861-2	USER	END	1457426382554	1457426390813
Users	4296860656533652861-1	USER	END	1457426382554	1457426390851
Admins	4296860656533652861-12	REQUEST		Start search	1457426390691	1457426390713	1457426390869	1457426390869	OK	 
Admins	4296860656533652861-11	REQUEST		Select	1457426390892	1457426390913	1457426390938	1457426390938	OK	 
Admins	4296860656533652861-10	REQUEST		Select	1457426390951	1457426390973	1457426390996	1457426390996	OK	 
Admins	4296860656533652861-9	REQUEST		Page 1	1457426390991	1457426391014	1457426391052	1457426391052	OK	 
Admins	4296860656533652861-8	REQUEST		Select item	1457426391051	1457426391073	1457426391096	1457426391096	OK	 
Admins	4296860656533652861-7	REQUEST		Change company to Lenovo Group	1457426391070	1457426391091	1457426391114	1457426391114	OK	 
Admins	4296860656533652861-7	REQUEST		Change company to Lenovo Group Redirect 1	1457426391115	1457426391138	1457426391179	1457426391179	OK	 
Admins	4296860656533652861-7	REQUEST		Change company back to Atari	1457426391180	1457426391201	1457426391224	1457426391224	OK	 
Admins	4296860656533652861-7	REQUEST		Change company back to Atari Redirect 1	1457426391225	1457426391246	1457426391285	1457426391285	OK	 
Admins	4296860656533652861-7	USER	END	1457426384571	1457426391286
Users	4296860656533652861-3	USER	END	1457426382554	1457426391320
Admins	4296860656533652861-14	USER	START	1457426391571	0
Admins	4296860656533652861-14	REQUEST		Open home page	1457426391572	1457426391594	1457426391616	1457426391616	OK	 
Admins	4296860656533652861-14	REQUEST		Open home page Redirect 1	1457426391616	1457426391637	1457426391675	1457426391675	OK	 
Admins	4296860656533652861-13	REQUEST		Start search	1457426391693	1457426391714	1457426391842	1457426391842	OK	 
Admins	4296860656533652861-12	REQUEST		Select	1457426391881	1457426391902	1457426391925	1457426391925	OK	 
Admins	4296860656533652861-11	REQUEST		Page 0	1457426391931	1457426391953	1457426391991	1457426391991	OK	 
Admins	4296860656533652861-10	REQUEST		Page 0	1457426391990	1457426392013	1457426392051	1457426392051	OK	 
Admins	4296860656533652861-9	REQUEST		Select item	1457426392051	1457426392072	1457426392097	1457426392097	OK	 
Admins	4296860656533652861-8	REQUEST		Change company to Lenovo Group	1457426392093	1457426392114	1457426392137	1457426392137	OK	 
Admins	4296860656533652861-8	REQUEST		Change company to Lenovo Group Redirect 1	1457426392138	1457426392159	1457426392198	1457426392198	OK	 
Admins	4296860656533652861-8	REQUEST		Change company back to Atari	1457426392200	1457426392221	1457426392248	1457426392248	OK	 
Admins	4296860656533652861-8	REQUEST		Change company back to Atari Redirect 1	1457426392249	1457426392270	1457426392309	1457426392309	OK	 
Admins	4296860656533652861-8	USER	END	1457426385572	1457426392310
Admins	4296860656533652861-14	REQUEST		Start search	1457426392691	1457426392713	1457426392843	1457426392843	OK	 
Admins	4296860656533652861-13	REQUEST		Select	1457426392851	1457426392873	1457426392898	1457426392898	OK	 
Admins	4296860656533652861-12	REQUEST		Page 0	1457426392922	1457426392943	1457426392982	1457426392982	OK	 
Admins	4296860656533652861-11	REQUEST		Page 1	1457426393000	1457426393021	1457426393061	1457426393061	OK	 
Admins	4296860656533652861-10	REQUEST		Page 1	1457426393061	1457426393082	1457426393121	1457426393121	OK	 
Admins	4296860656533652861-9	REQUEST		Change company to Lenovo Group	1457426393102	1457426393123	1457426393145	1457426393145	OK	 
Admins	4296860656533652861-9	REQUEST		Change company to Lenovo Group Redirect 1	1457426393146	1457426393167	1457426393207	1457426393207	OK	 
Admins	4296860656533652861-9	REQUEST		Change company back to Atari	1457426393209	1457426393230	1457426393254	1457426393254	OK	 
Admins	4296860656533652861-9	REQUEST		Change company back to Atari Redirect 1	1457426393255	1457426393276	1457426393315	1457426393315	OK	 
Admins	4296860656533652861-9	USER	END	1457426386572	1457426393317
Admins	4296860656533652861-14	REQUEST		Select	1457426393851	1457426393873	1457426393897	1457426393897	OK	 
Admins	4296860656533652861-13	REQUEST		Page 0	1457426393891	1457426393913	1457426393951	1457426393951	OK	 
Admins	4296860656533652861-12	REQUEST		Page 1	1457426393981	1457426394003	1457426394042	1457426394042	OK	 
Admins	4296860656533652861-11	REQUEST		Select item	1457426394061	1457426394082	1457426394106	1457426394106	OK	 
Admins	4296860656533652861-10	REQUEST		Select item	1457426394121	1457426394142	1457426394166	1457426394166	OK	 
Admins	4296860656533652861-14	REQUEST		Page 0	1457426394893	1457426394916	1457426394955	1457426394955	OK	 
Admins	4296860656533652861-13	REQUEST		Page 1	1457426394962	1457426394983	1457426395023	1457426395023	OK	 
Admins	4296860656533652861-12	REQUEST		Select item	1457426395051	1457426395072	1457426395096	1457426395096	OK	 
Admins	4296860656533652861-11	REQUEST		Change company to Lenovo Group	1457426395102	1457426395122	1457426395145	1457426395145	OK	 
Admins	4296860656533652861-10	REQUEST		Change company to Lenovo Group	1457426395160	1457426395182	1457426395205	1457426395205	OK	 
Admins	4296860656533652861-11	REQUEST		Change company to Lenovo Group Redirect 1	1457426395146	1457426395167	1457426395206	1457426395206	OK	 
Admins	4296860656533652861-11	REQUEST		Change company back to Atari	1457426395207	1457426395228	1457426395251	1457426395251	OK	 
Admins	4296860656533652861-10	REQUEST		Change company to Lenovo Group Redirect 1	1457426395206	1457426395228	1457426395266	1457426395266	OK	 
Admins	4296860656533652861-10	REQUEST		Change company back to Atari	1457426395268	1457426395288	1457426395311	1457426395311	OK	 
Admins	4296860656533652861-11	REQUEST		Change company back to Atari Redirect 1	1457426395252	1457426395273	1457426395315	1457426395315	OK	 
Admins	4296860656533652861-11	USER	END	1457426388571	1457426395316
Admins	4296860656533652861-10	REQUEST		Change company back to Atari Redirect 1	1457426395312	1457426395332	1457426395373	1457426395373	OK	 
Admins	4296860656533652861-10	USER	END	1457426387572	1457426395374
Admins	4296860656533652861-14	REQUEST		Page 1	1457426395961	1457426395982	1457426396021	1457426396021	OK	 
Admins	4296860656533652861-13	REQUEST		Select item	1457426396020	1457426396043	1457426396067	1457426396067	OK	 
Admins	4296860656533652861-12	REQUEST		Change company to Lenovo Group	1457426396092	1457426396117	1457426396140	1457426396140	OK	 
Admins	4296860656533652861-12	REQUEST		Change company to Lenovo Group Redirect 1	1457426396141	1457426396162	1457426396201	1457426396201	OK	 
Admins	4296860656533652861-12	REQUEST		Change company back to Atari	1457426396202	1457426396223	1457426396246	1457426396246	OK	 
Admins	4296860656533652861-12	REQUEST		Change company back to Atari Redirect 1	1457426396247	1457426396269	1457426396308	1457426396308	OK	 
Admins	4296860656533652861-12	USER	END	1457426389571	1457426396310
Admins	4296860656533652861-14	REQUEST		Select item	1457426397022	1457426397046	1457426397071	1457426397071	OK	 
Admins	4296860656533652861-13	REQUEST		Change company to Lenovo Group	1457426397062	1457426397083	1457426397105	1457426397105	OK	 
Admins	4296860656533652861-13	REQUEST		Change company to Lenovo Group Redirect 1	1457426397106	1457426397126	1457426397165	1457426397165	OK	 
Admins	4296860656533652861-13	REQUEST		Change company back to Atari	1457426397166	1457426397188	1457426397211	1457426397211	OK	 
Admins	4296860656533652861-13	REQUEST		Change company back to Atari Redirect 1	1457426397212	1457426397233	1457426397275	1457426397275	OK	 
Admins	4296860656533652861-13	USER	END	1457426390571	1457426397277
Admins	4296860656533652861-14	REQUEST		Change company to Lenovo Group	1457426398072	1457426398093	1457426398116	1457426398116	OK	 
Admins	4296860656533652861-14	REQUEST		Change company to Lenovo Group Redirect 1	1457426398116	1457426398138	1457426398178	1457426398178	OK	 
Admins	4296860656533652861-14	REQUEST		Change company back to Atari	1457426398180	1457426398200	1457426398223	1457426398223	OK	 
Admins	4296860656533652861-14	REQUEST		Change company back to Atari Redirect 1	1457426398224	1457426398244	1457426398341	1457426398341	OK	 
Admins	4296860656533652861-14	USER	END	1457426391571	1457426398342
